<?xml version="1.0" encoding="UTF-8"?>
<!-- Generated by org.testng.reporters.JUnitReportReporter -->
<testsuite hostname="DESKTOP-48Q58V6" failures="0" tests="2" name="testCases.TC002_ValidateUserDesignation" time="51.053" errors="0" timestamp="2024-04-09T12:39:33 IST" skipped="0">
  <testcase classname="testCases.TC002_ValidateUserDesignation" name="updateProfile" time="29.705"/>
  <testcase classname="testCases.TC002_ValidateUserDesignation" name="updateProfile" time="21.348"/>
</testsuite> <!-- testCases.TC002_ValidateUserDesignation -->
