<?xml version="1.0" encoding="UTF-8"?>
<!-- Generated by org.testng.reporters.JUnitReportReporter -->
<testsuite hostname="DESKTOP-48Q58V6" failures="0" tests="1" name="testCases.TC002_ValidateUserDesignation" time="13.551" errors="0" timestamp="2024-04-08T19:36:28 IST" skipped="0">
  <testcase classname="testCases.TC002_ValidateUserDesignation" name="updateProfile" time="13.551"/>
</testsuite> <!-- testCases.TC002_ValidateUserDesignation -->
