<?xml version="1.0" encoding="UTF-8"?>
<!-- Generated by org.testng.reporters.JUnitReportReporter -->
<testsuite hostname="DESKTOP-48Q58V6" failures="0" tests="1" name="testCases.TC002_ValidateUserDesignation" time="32.087" errors="0" timestamp="2024-04-10T17:55:51 IST" skipped="0">
  <testcase classname="testCases.TC002_ValidateUserDesignation" name="updateProfile" time="32.087"/>
</testsuite> <!-- testCases.TC002_ValidateUserDesignation -->
