<?xml version="1.0" encoding="UTF-8"?>
<!-- Generated by org.testng.reporters.JUnitReportReporter -->
<testsuite hostname="DESKTOP-48Q58V6" failures="0" tests="1" name="testCases.TC001_LoginVerification" time="21.304" errors="0" timestamp="2024-04-10T17:55:51 IST" skipped="0">
  <testcase classname="testCases.TC001_LoginVerification" name="login" time="21.304"/>
</testsuite> <!-- testCases.TC001_LoginVerification -->
