<?xml version="1.0" encoding="UTF-8"?>
<!-- Generated by org.testng.reporters.JUnitReportReporter -->
<testsuite hostname="DESKTOP-48Q58V6" failures="0" tests="3" name="testCases.TC002_ValidateUserDesignation" time="76.919" errors="0" timestamp="2024-04-08T20:51:07 IST" skipped="0">
  <testcase classname="testCases.TC002_ValidateUserDesignation" name="updateProfile" time="22.831"/>
  <testcase classname="testCases.TC002_ValidateUserDesignation" name="updateProfile" time="32.557"/>
  <testcase classname="testCases.TC002_ValidateUserDesignation" name="updateProfile" time="21.531"/>
</testsuite> <!-- testCases.TC002_ValidateUserDesignation -->
