<?xml version="1.0" encoding="UTF-8"?>
<!-- Generated by org.testng.reporters.JUnitReportReporter -->
<testsuite hostname="DESKTOP-48Q58V6" failures="0" tests="1" name="testCases.TC001_LoginVerification" time="28.585" errors="0" timestamp="2024-04-02T22:53:04 IST" skipped="0">
  <testcase classname="testCases.TC001_LoginVerification" name="login" time="28.585"/>
</testsuite> <!-- testCases.TC001_LoginVerification -->
