<?xml version="1.0" encoding="UTF-8"?>
<!-- Generated by org.testng.reporters.JUnitReportReporter -->
<testsuite hostname="DESKTOP-48Q58V6" failures="0" tests="2" name="testCases.TC001_LoginVerification" time="49.124" errors="0" timestamp="2024-04-09T12:39:33 IST" skipped="0">
  <testcase classname="testCases.TC001_LoginVerification" name="login" time="23.058"/>
  <testcase classname="testCases.TC001_LoginVerification" name="login" time="26.066"/>
</testsuite> <!-- testCases.TC001_LoginVerification -->
