<?xml version="1.0" encoding="UTF-8"?>
<!-- Generated by org.testng.reporters.JUnitReportReporter -->
<testsuite hostname="DESKTOP-48Q58V6" failures="0" tests="1" name="testCases.TC003_LoginVerifyInvalidcred" time="31.901" errors="0" timestamp="2024-04-08T19:43:33 IST" skipped="0">
  <testcase classname="testCases.TC003_LoginVerifyInvalidcred" name="invalidLogin" time="31.901"/>
</testsuite> <!-- testCases.TC003_LoginVerifyInvalidcred -->
