<?xml version="1.0" encoding="UTF-8"?>
<!-- Generated by org.testng.reporters.JUnitReportReporter -->
<testsuite hostname="DESKTOP-48Q58V6" failures="0" tests="1" name="testCases.TC002_ValidateUserDesignation" time="46.538" errors="0" timestamp="2024-04-10T18:53:45 IST" skipped="0">
  <testcase classname="testCases.TC002_ValidateUserDesignation" name="updateProfile" time="46.538"/>
</testsuite> <!-- testCases.TC002_ValidateUserDesignation -->
