<?xml version="1.0" encoding="UTF-8"?>
<!-- Generated by org.testng.reporters.JUnitReportReporter -->
<testsuite hostname="DESKTOP-48Q58V6" failures="0" tests="2" name="testCases.TC001_LoginVerification" time="43.404" errors="0" timestamp="2024-04-11T12:38:44 IST" skipped="0">
  <testcase classname="testCases.TC001_LoginVerification" name="login" time="21.817"/>
  <testcase classname="testCases.TC001_LoginVerification" name="login" time="21.587"/>
</testsuite> <!-- testCases.TC001_LoginVerification -->
