<?xml version="1.0" encoding="UTF-8"?>
<!-- Generated by org.testng.reporters.JUnitReportReporter -->
<testsuite hostname="DESKTOP-48Q58V6" failures="0" tests="1" name="testCases.TC002_ValidateUserDesignation" time="12.546" errors="0" timestamp="2024-04-04T12:36:15 IST" skipped="0">
  <testcase classname="testCases.TC002_ValidateUserDesignation" name="updateProfile" time="12.546"/>
</testsuite> <!-- testCases.TC002_ValidateUserDesignation -->
