<?xml version="1.0" encoding="UTF-8"?>
<!-- Generated by org.testng.reporters.JUnitReportReporter -->
<testsuite hostname="DESKTOP-48Q58V6" failures="0" tests="2" name="testCases.TC002_ValidateUserDesignation" time="57.338" errors="0" timestamp="2024-04-11T12:38:44 IST" skipped="0">
  <testcase classname="testCases.TC002_ValidateUserDesignation" name="updateProfile" time="25.171"/>
  <testcase classname="testCases.TC002_ValidateUserDesignation" name="updateProfile" time="32.167"/>
</testsuite> <!-- testCases.TC002_ValidateUserDesignation -->
